Determining if the pthread_create exist failed with the following output:
Change Dir: /home/krajcovic/workspace/sources/ros/catkin_ws/build/CMakeFiles/CMakeTmp

Run Build Command:/usr/bin/make "cmTryCompileExec1916567297/fast"
/usr/bin/make -f CMakeFiles/cmTryCompileExec1916567297.dir/build.make CMakeFiles/cmTryCompileExec1916567297.dir/build
make[1]: Entering directory `/home/krajcovic/workspace/sources/ros/catkin_ws/build/CMakeFiles/CMakeTmp'
/usr/bin/cmake -E cmake_progress_report /home/krajcovic/workspace/sources/ros/catkin_ws/build/CMakeFiles/CMakeTmp/CMakeFiles 1
Building C object CMakeFiles/cmTryCompileExec1916567297.dir/CheckSymbolExists.c.o
/usr/bin/cc    -o CMakeFiles/cmTryCompileExec1916567297.dir/CheckSymbolExists.c.o   -c /home/krajcovic/workspace/sources/ros/catkin_ws/build/CMakeFiles/CMakeTmp/CheckSymbolExists.c
Linking C executable cmTryCompileExec1916567297
/usr/bin/cmake -E cmake_link_script CMakeFiles/cmTryCompileExec1916567297.dir/link.txt --verbose=1
/usr/bin/cc       CMakeFiles/cmTryCompileExec1916567297.dir/CheckSymbolExists.c.o  -o cmTryCompileExec1916567297 -rdynamic 
CMakeFiles/cmTryCompileExec1916567297.dir/CheckSymbolExists.c.o: In function `main':
CheckSymbolExists.c:(.text+0x16): undefined reference to `pthread_create'
collect2: error: ld returned 1 exit status
make[1]: *** [cmTryCompileExec1916567297] Error 1
make[1]: Leaving directory `/home/krajcovic/workspace/sources/ros/catkin_ws/build/CMakeFiles/CMakeTmp'
make: *** [cmTryCompileExec1916567297/fast] Error 2

File /home/krajcovic/workspace/sources/ros/catkin_ws/build/CMakeFiles/CMakeTmp/CheckSymbolExists.c:
/* */
#include <pthread.h>

int main(int argc, char** argv)
{
  (void)argv;
#ifndef pthread_create
  return ((int*)(&pthread_create))[argc];
#else
  (void)argc;
  return 0;
#endif
}

Determining if the function pthread_create exists in the pthreads failed with the following output:
Change Dir: /home/krajcovic/workspace/sources/ros/catkin_ws/build/CMakeFiles/CMakeTmp

Run Build Command:/usr/bin/make "cmTryCompileExec157787890/fast"
/usr/bin/make -f CMakeFiles/cmTryCompileExec157787890.dir/build.make CMakeFiles/cmTryCompileExec157787890.dir/build
make[1]: Entering directory `/home/krajcovic/workspace/sources/ros/catkin_ws/build/CMakeFiles/CMakeTmp'
/usr/bin/cmake -E cmake_progress_report /home/krajcovic/workspace/sources/ros/catkin_ws/build/CMakeFiles/CMakeTmp/CMakeFiles 1
Building C object CMakeFiles/cmTryCompileExec157787890.dir/CheckFunctionExists.c.o
/usr/bin/cc   -DCHECK_FUNCTION_EXISTS=pthread_create   -o CMakeFiles/cmTryCompileExec157787890.dir/CheckFunctionExists.c.o   -c /usr/share/cmake-2.8/Modules/CheckFunctionExists.c
Linking C executable cmTryCompileExec157787890
/usr/bin/cmake -E cmake_link_script CMakeFiles/cmTryCompileExec157787890.dir/link.txt --verbose=1
/usr/bin/cc   -DCHECK_FUNCTION_EXISTS=pthread_create    CMakeFiles/cmTryCompileExec157787890.dir/CheckFunctionExists.c.o  -o cmTryCompileExec157787890 -rdynamic -lpthreads 
/usr/bin/ld: cannot find -lpthreads
collect2: error: ld returned 1 exit status
make[1]: *** [cmTryCompileExec157787890] Error 1
make[1]: Leaving directory `/home/krajcovic/workspace/sources/ros/catkin_ws/build/CMakeFiles/CMakeTmp'
make: *** [cmTryCompileExec157787890/fast] Error 2


